[debug] [2025-11-21T13:48:30.967Z] ----------------------------------------------------------------------
[debug] [2025-11-21T13:48:30.975Z] Command:       C:\Program Files\nodejs\node.exe C:\Users\DELL\AppData\Roaming\npm\node_modules\firebase-tools\lib\bin\firebase.js init
[debug] [2025-11-21T13:48:30.976Z] CLI Version:   14.25.1
[debug] [2025-11-21T13:48:30.976Z] Platform:      win32
[debug] [2025-11-21T13:48:30.977Z] Node Version:  v24.11.1
[debug] [2025-11-21T13:48:30.978Z] Time:          Fri Nov 21 2025 05:48:30 GMT-0800 (توقيت المحيط الهادي الرسمي)
[debug] [2025-11-21T13:48:30.978Z] ----------------------------------------------------------------------
[debug] 
[info] 
     ######## #### ########  ######## ########     ###     ######  ########
     ##        ##  ##     ## ##       ##     ##  ##   ##  ##       ##
     ######    ##  ########  ######   ########  #########  ######  ######
     ##        ##  ##    ##  ##       ##     ## ##     ##       ## ##
     ##       #### ##     ## ######## ########  ##     ##  ######  ########

You're about to initialize a Firebase project in this directory:

  C:\Users\DELL\Desktop\Desktop\Personal Projects\Sujood

[info] 
=== Project Setup
[info] 
[info] First, let's associate this project directory with a Firebase project.
[info] You can create multiple project aliases by running firebase use --add, 
[info] 
[debug] [2025-11-21T13:49:36.918Z] > command requires scopes: ["email","openid","https://www.googleapis.com/auth/cloudplatformprojects.readonly","https://www.googleapis.com/auth/firebase","https://www.googleapis.com/auth/cloud-platform"]
[debug] [2025-11-21T13:49:36.919Z] > authorizing via signed-in user (abdulqoyumjamiu@gmail.com)
[debug] [2025-11-21T13:49:36.920Z] Checked if tokens are valid: false, expires at: 1763730621203
[debug] [2025-11-21T13:49:36.921Z] Checked if tokens are valid: false, expires at: 1763730621203
[debug] [2025-11-21T13:49:36.921Z] > refreshing access token with scopes: []
[debug] [2025-11-21T13:49:36.923Z] >>> [apiv2][query] POST https://www.googleapis.com/oauth2/v3/token [none]
[debug] [2025-11-21T13:49:36.923Z] >>> [apiv2][body] POST https://www.googleapis.com/oauth2/v3/token [omitted]
[debug] [2025-11-21T13:49:41.931Z] <<< [apiv2][status] POST https://www.googleapis.com/oauth2/v3/token 200
[debug] [2025-11-21T13:49:41.931Z] <<< [apiv2][body] POST https://www.googleapis.com/oauth2/v3/token [omitted]
[debug] [2025-11-21T13:49:42.022Z] >>> [apiv2][query] GET https://firebase.googleapis.com/v1beta1/projects pageSize=100
[debug] [2025-11-21T13:49:45.611Z] <<< [apiv2][status] GET https://firebase.googleapis.com/v1beta1/projects 200
[debug] [2025-11-21T13:49:45.611Z] <<< [apiv2][body] GET https://firebase.googleapis.com/v1beta1/projects [omitted]
[info] 
=== Hosting Setup
[debug] [2025-11-21T13:49:56.422Z] Checked if tokens are valid: true, expires at: 1763736580932
[debug] [2025-11-21T13:49:56.422Z] Checked if tokens are valid: true, expires at: 1763736580932
[debug] [2025-11-21T13:49:56.423Z] >>> [apiv2][query] GET https://firebase.googleapis.com/v1beta1/projects/sujood-868bf [none]
[debug] [2025-11-21T13:49:58.978Z] <<< [apiv2][status] GET https://firebase.googleapis.com/v1beta1/projects/sujood-868bf 200
[debug] [2025-11-21T13:49:58.979Z] <<< [apiv2][body] GET https://firebase.googleapis.com/v1beta1/projects/sujood-868bf {"projectId":"sujood-868bf","projectNumber":"370785864080","displayName":"Sujood","name":"projects/sujood-868bf","resources":{"hostingSite":"sujood-868bf"},"state":"ACTIVE","etag":"1_c13722b4-840c-4aff-9333-71b39015fcf9"}
[info] 
[info] Your public directory is the folder (relative to your project directory) that
[info] will contain Hosting assets to be uploaded with firebase deploy. If you
[info] have a build process for your assets, use your build's output directory.
[info] 
[debug] [2025-11-21T13:51:33.265Z] ExitPromptError: User force closed the prompt with SIGINT
    at Interface.sigint (C:\Users\DELL\AppData\Roaming\npm\node_modules\firebase-tools\node_modules\@inquirer\core\dist\commonjs\lib\create-prompt.js:101:37)
    at Interface.emit (node:events:508:28)
    at Interface.emit (node:domain:489:12)
    at [_ttyWrite] [as _ttyWrite] (node:internal/readline/interface:1317:18)
    at ReadStream.onkeypress (node:internal/readline/interface:284:20)
    at ReadStream.emit (node:events:520:35)
    at ReadStream.emit (node:domain:489:12)
    at emitKeys (node:internal/readline/utils:371:14)
    at emitKeys.next (<anonymous>)
    at ReadStream.onData (node:internal/readline/emitKeypressEvents:64:36)
[error] 
[error] Error: An unexpected error has occurred.
